#
# There is insufficient memory for the Java Runtime Environment to continue.
# Native memory allocation (mmap) failed to map 65011712 bytes. Error detail: G1 virtual space
# Possible reasons:
#   The system is out of physical RAM or swap space
#   This process is running with CompressedOops enabled, and the Java Heap may be blocking the growth of the native heap
# Possible solutions:
#   Reduce memory load on the system
#   Increase physical memory or swap space
#   Check if swap backing store is full
#   Decrease Java heap size (-Xmx/-Xms)
#   Decrease number of Java threads
#   Decrease Java thread stack sizes (-Xss)
#   Set larger code cache with -XX:ReservedCodeCacheSize=
#   JVM is running with Unscaled Compressed Oops mode in which the Java heap is
#     placed in the first 4GB address space. The Java Heap base address is the
#     maximum limit for the native heap growth. Please use -XX:HeapBaseMinAddress
#     to set the Java Heap base and to place the Java Heap above 4GB virtual address.
# This output file may be truncated or incomplete.
#
#  Out of Memory Error (os_windows.cpp:3631), pid=22284, tid=9388
#
# JRE version:  (22.0.2+9) (build )
# Java VM: Java HotSpot(TM) 64-Bit Server VM (22.0.2+9-70, mixed mode, sharing, tiered, compressed oops, compressed class ptrs, g1 gc, windows-amd64)
# No core dump will be written. Minidumps are not enabled by default on client versions of Windows
#

---------------  S U M M A R Y ------------

Command Line: -XX:+ShowCodeDetailsInExceptionMessages ModifikasiSiakadWhile13

Host: Intel(R) Celeron(R) N4020 CPU @ 1.10GHz, 2 cores, 3G,  Windows 11 , 64 bit Build 22621 (10.0.22621.3958)
Time: Tue Oct  8 15:46:04 2024 SE Asia Standard Time elapsed time: 0.042297 seconds (0d 0h 0m 0s)

---------------  T H R E A D  ---------------

Current thread (0x000002834f01e2d0):  JavaThread "Unknown thread" [_thread_in_vm, id=9388, stack(0x0000009eb5100000,0x0000009eb5200000) (1024K)]

Stack: [0x0000009eb5100000,0x0000009eb5200000]
Native frames: (J=compiled Java code, j=interpreted, Vv=VM code, C=native code)
V  [jvm.dll+0x6e26e9]  (no source info available)
V  [jvm.dll+0x875753]  (no source info available)
V  [jvm.dll+0x877b7e]  (no source info available)
V  [jvm.dll+0x878253]  (no source info available)
V  [jvm.dll+0x27fc86]  (no source info available)
V  [jvm.dll+0x6ded85]  (no source info available)
V  [jvm.dll+0x6d388a]  (no source info available)
V  [jvm.dll+0x358b8a]  (no source info available)
V  [jvm.dll+0x3610b6]  (no source info available)
V  [jvm.dll+0x3b419e]  (no source info available)
V  [jvm.dll+0x3b4448]  (no source info available)
V  [jvm.dll+0x32c5ec]  (no source info available)
V  [jvm.dll+0x32d258]  (no source info available)
V  [jvm.dll+0x83d5ac]  (no source info available)
V  [jvm.dll+0x3c10d1]  (no source info available)
V  [jvm.dll+0x8264cc]  (no source info available)
V  [jvm.dll+0x45bd5e]  (no source info available)
V  [jvm.dll+0x45dbe1]  (no source info available)
C  [jli.dll+0x52a3]  (no source info available)
C  [ucrtbase.dll+0x29333]  (no source info available)
C  [KERNEL32.DLL+0x1257d]  (no source info available)
C  [ntdll.dll+0x5af28]  (no source info available)


---------------  P R O C E S S  ---------------

Threads class SMR info:
_java_thread_list=0x00007ffa7d27c1c8, length=0, elements={
}

Java Threads: ( => current thread )
Total: 0

Other Threads:
  0x0000028351212950 WorkerThread "GC Thread#0"                     [id=21032, stack(0x0000009eb5200000,0x0000009eb5300000) (1024K)]
  0x000002835121b3c0 ConcurrentGCThread "G1 Main Marker"            [id=21724, stack(0x0000009eb5300000,0x0000009eb5400000) (1024K)]
  0x000002835121c080 WorkerThread "G1 Conc#0"                       [id=15188, stack(0x0000009eb5400000,0x0000009eb5500000) (1024K)]

[error occurred during error reporting (printing all threads), id 0xc0000005, EXCEPTION_ACCESS_VIOLATION (0xc0000005) at pc=0x00007ffa7c9cf517]
VM state: not at safepoint (not fully initialized)

VM Mutex/Monitor currently owned by a thread:  ([mutex/lock_event])
[0x00007ffa7d2fcc80] Heap_lock - owner thread: 0x000002834f01e2d0

Heap address: 0x00000000c2c00000, size: 980 MB, Compressed Oops mode: 32-bit

CDS archive(s) mapped at: [0x0000000000000000-0x0000000000000000-0x0000000000000000), size 0, SharedBaseAddress: 0x0000000800000000, ArchiveRelocationMode: 1.
Narrow klass base: 0x0000000000000000, Narrow klass shift: 0, Narrow klass range: 0x0

GC Precious Log:
 CardTable entry size: 512
 Card Set container configuration: InlinePtr #cards 5 size 8 Array Of Cards #cards 12 size 40 Howl #buckets 4 coarsen threshold 1843 Howl Bitmap #cards 512 size 80 coarsen threshold 460 Card regions per heap region 1 cards per card region 2048

Heap:
 garbage-first heap   total reserved 1003520K, committed 0K, used 0K [0x00000000c2c00000, 0x0000000100000000)
  region size 1024K, 0 young (0K), 0 survivors (0K)

[error occurred during error reporting (printing heap information), id 0xc0000005, EXCEPTION_ACCESS_VIOLATION (0xc0000005) at pc=0x00007ffa7cdce869]
GC Heap History (0 events):
No events

Dll operation events (1 events):
Event: 0.020 Loaded shared library C:\Program Files\Java\jdk-22\bin\java.dll

Deoptimization events (0 events):
No events

Classes loaded (0 events):
No events

Classes unloaded (0 events):
No events

Classes redefined (0 events):
No events

Internal exceptions (0 events):
No events

ZGC Phase Switch (0 events):
No events

VM Operations (0 events):
No events

Memory protections (0 events):
No events

Nmethod flushes (0 events):
No events

Events (0 events):
No events


Dynamic libraries:
0x00007ff719430000 - 0x00007ff719440000 	C:\Program Files\Java\jdk-22\bin\java.exe
0x00007ffb05750000 - 0x00007ffb05967000 	C:\WINDOWS\SYSTEM32\ntdll.dll
0x00007ffb04430000 - 0x00007ffb044f4000 	C:\WINDOWS\System32\KERNEL32.DLL
0x00007ffb02bd0000 - 0x00007ffb02f7d000 	C:\WINDOWS\System32\KERNELBASE.dll
0x00007ffb03000000 - 0x00007ffb03111000 	C:\WINDOWS\System32\ucrtbase.dll
0x00007ffaffc90000 - 0x00007ffaffcab000 	C:\Program Files\Java\jdk-22\bin\VCRUNTIME140.dll
0x00007ffad8bf0000 - 0x00007ffad8c07000 	C:\Program Files\Java\jdk-22\bin\jli.dll
0x00007ffb035c0000 - 0x00007ffb0376e000 	C:\WINDOWS\System32\USER32.dll
0x00007ffb03150000 - 0x00007ffb03176000 	C:\WINDOWS\System32\win32u.dll
0x00007ffb04b80000 - 0x00007ffb04ba9000 	C:\WINDOWS\System32\GDI32.dll
0x00007ffb03360000 - 0x00007ffb03479000 	C:\WINDOWS\System32\gdi32full.dll
0x00007ffb02b30000 - 0x00007ffb02bca000 	C:\WINDOWS\System32\msvcp_win.dll
0x00007ffaf7660000 - 0x00007ffaf78f3000 	C:\WINDOWS\WinSxS\amd64_microsoft.windows.common-controls_6595b64144ccf1df_6.0.22621.3672_none_2713b9d173822955\COMCTL32.dll
0x00007ffb03510000 - 0x00007ffb035b7000 	C:\WINDOWS\System32\msvcrt.dll
0x00007ffb04eb0000 - 0x00007ffb04ee1000 	C:\WINDOWS\System32\IMM32.DLL
0x00007ffaffc80000 - 0x00007ffaffc8c000 	C:\Program Files\Java\jdk-22\bin\vcruntime140_1.dll
0x00007fface940000 - 0x00007fface9ce000 	C:\Program Files\Java\jdk-22\bin\msvcp140.dll
0x00007ffa7c690000 - 0x00007ffa7d3d9000 	C:\Program Files\Java\jdk-22\bin\server\jvm.dll
0x00007ffb04bb0000 - 0x00007ffb04c62000 	C:\WINDOWS\System32\ADVAPI32.dll
0x00007ffb04580000 - 0x00007ffb04629000 	C:\WINDOWS\System32\sechost.dll
0x00007ffb03120000 - 0x00007ffb03148000 	C:\WINDOWS\System32\bcrypt.dll
0x00007ffb051e0000 - 0x00007ffb052f4000 	C:\WINDOWS\System32\RPCRT4.dll
0x00007ffb04500000 - 0x00007ffb04571000 	C:\WINDOWS\System32\WS2_32.dll
0x00007ffb02940000 - 0x00007ffb0298d000 	C:\WINDOWS\SYSTEM32\POWRPROF.dll
0x00007ffaf2bd0000 - 0x00007ffaf2c04000 	C:\WINDOWS\SYSTEM32\WINMM.dll
0x00007ffaf4df0000 - 0x00007ffaf4dfa000 	C:\WINDOWS\SYSTEM32\VERSION.dll
0x00007ffb02920000 - 0x00007ffb02933000 	C:\WINDOWS\SYSTEM32\UMPDC.dll
0x00007ffb01ac0000 - 0x00007ffb01ad8000 	C:\WINDOWS\SYSTEM32\kernel.appcore.dll
0x00007ffaf33f0000 - 0x00007ffaf33fa000 	C:\Program Files\Java\jdk-22\bin\jimage.dll
0x00007ffb00570000 - 0x00007ffb007a2000 	C:\WINDOWS\SYSTEM32\DBGHELP.DLL
0x00007ffb03820000 - 0x00007ffb03bae000 	C:\WINDOWS\System32\combase.dll
0x00007ffb04c70000 - 0x00007ffb04d47000 	C:\WINDOWS\System32\OLEAUT32.dll
0x00007ffaf79d0000 - 0x00007ffaf7a02000 	C:\WINDOWS\SYSTEM32\dbgcore.DLL
0x00007ffb02f80000 - 0x00007ffb02ffb000 	C:\WINDOWS\System32\bcryptPrimitives.dll
0x00007ffaeadd0000 - 0x00007ffaeadee000 	C:\Program Files\Java\jdk-22\bin\java.dll
0x00007ffb03bc0000 - 0x00007ffb04427000 	C:\WINDOWS\System32\SHELL32.dll
0x00007ffb05500000 - 0x00007ffb056a5000 	C:\WINDOWS\System32\ole32.dll

dbghelp: loaded successfully - version: 4.0.5 - missing functions: none
symbol engine: initialized successfully - sym options: 0x614 - pdb path: .;C:\Program Files\Java\jdk-22\bin;C:\WINDOWS\SYSTEM32;C:\WINDOWS\WinSxS\amd64_microsoft.windows.common-controls_6595b64144ccf1df_6.0.22621.3672_none_2713b9d173822955;C:\Program Files\Java\jdk-22\bin\server

VM Arguments:
jvm_args: -XX:+ShowCodeDetailsInExceptionMessages 
java_command: ModifikasiSiakadWhile13
java_class_path (initial): C:\Users\ASUS\AppData\Roaming\Code\User\workspaceStorage\ac08b73d5a26e399be4419e96b367718\redhat.java\jdt_ws\dasproo-jobsheet713_6d34f30\bin
Launcher Type: SUN_STANDARD

[Global flags]
     intx CICompilerCount                          = 2                                         {product} {ergonomic}
     uint ConcGCThreads                            = 1                                         {product} {ergonomic}
     uint G1ConcRefinementThreads                  = 2                                         {product} {ergonomic}
   size_t G1HeapRegionSize                         = 1048576                                   {product} {ergonomic}
   size_t InitialHeapSize                          = 65011712                                  {product} {ergonomic}
   size_t MarkStackSize                            = 4194304                                   {product} {ergonomic}
   size_t MaxHeapSize                              = 1027604480                                {product} {ergonomic}
   size_t MinHeapDeltaBytes                        = 1048576                                   {product} {ergonomic}
   size_t MinHeapSize                              = 8388608                                   {product} {ergonomic}
    uintx NonNMethodCodeHeapSize                   = 5826188                                {pd product} {ergonomic}
    uintx NonProfiledCodeHeapSize                  = 122916026                              {pd product} {ergonomic}
    uintx ProfiledCodeHeapSize                     = 122916026                              {pd product} {ergonomic}
    uintx ReservedCodeCacheSize                    = 251658240                              {pd product} {ergonomic}
     bool SegmentedCodeCache                       = true                                      {product} {ergonomic}
     bool ShowCodeDetailsInExceptionMessages       = true                                   {manageable} {command line}
   size_t SoftMaxHeapSize                          = 1027604480                             {manageable} {ergonomic}
     bool UseCompressedOops                        = true                           {product lp64_product} {ergonomic}
     bool UseG1GC                                  = true                                      {product} {ergonomic}
     bool UseLargePagesIndividualAllocation        = false                                  {pd product} {ergonomic}

Logging:
Log output configuration:
 #0: stdout all=warning uptime,level,tags foldmultilines=false
 #1: stderr all=off uptime,level,tags foldmultilines=false

Environment Variables:
PATH=C:\Program Files\Common Files\Oracle\Java\javapath;C:\WINDOWS\system32;C:\WINDOWS;C:\WINDOWS\System32\Wbem;C:\WINDOWS\System32\WindowsPowerShell\v1.0\;C:\WINDOWS\System32\OpenSSH\;C:\Program Files\Java\jdk-22\bin;C:\Program Files\Git\cmd;C:\Users\ASUS\AppData\Local\Programs\Python\Launcher\;C:\Users\ASUS\AppData\Local\Microsoft\WindowsApps;C:\Users\ASUS\AppData\Local\Programs\Microsoft VS Code\bin;C:\Users\ASUS\AppData\Local\GitHubDesktop\bin;
USERNAME=ASUS
LANG=en_US.UTF-8
OS=Windows_NT
PROCESSOR_IDENTIFIER=Intel64 Family 6 Model 122 Stepping 8, GenuineIntel
TMP=C:\Users\ASUS\AppData\Local\Temp
TEMP=C:\Users\ASUS\AppData\Local\Temp




Periodic native trim disabled

---------------  S Y S T E M  ---------------

OS:
 Windows 11 , 64 bit Build 22621 (10.0.22621.3958)
OS uptime: 4 days 9:29 hours

CPU: total 2 (initial active 2) (2 cores per cpu, 1 threads per core) family 6 model 122 stepping 8 microcode 0x18, cx8, cmov, fxsr, mmx, 3dnowpref, sse, sse2, sse3, ssse3, sse4.1, sse4.2, popcnt, tsc, tscinvbit, aes, erms, clmul, sha, clflush, clflushopt, rdtscp, rdpid
Processor Information for all 2 processors :
  Max Mhz: 1101, Current Mhz: 1101, Mhz Limit: 1101

Memory: 4k page, system-wide physical 3918M (215M free)
TotalPageFile size 15694M (AvailPageFile size 15M)
current process WorkingSet (physical memory assigned to process): 11M, peak: 11M
current process commit charge ("private bytes"): 48M, peak: 109M

vm_info: Java HotSpot(TM) 64-Bit Server VM (22.0.2+9-70) for windows-amd64 JRE (22.0.2+9-70), built on 2024-06-04T16:52:23Z by "mach5one" with MS VC++ 17.6 (VS2022)

END.
